<?xml version="1.0" encoding="UTF-8"?>
<!-- Generated by org.testng.reporters.JUnitReportReporter -->
<testsuite hostname="DESKTOP-K0LIMU1" failures="0" tests="1" name="com.Dashboard.TestCases.ForgotPasswordTest" time="8.465" errors="0" timestamp="2022-04-13T11:26:40 IST" skipped="0">
  <testcase classname="com.Dashboard.TestCases.ForgotPasswordTest" name="validate_forgotPassword" time="8.465"/>
  <system-out/>
</testsuite> <!-- com.Dashboard.TestCases.ForgotPasswordTest -->
