<?xml version="1.0" encoding="UTF-8"?>
<!-- Generated by org.testng.reporters.JUnitReportReporter -->
<testsuite hostname="DESKTOP-K0LIMU1" failures="0" tests="1" name="com.Dashboard.TestCases.Sample" time="0.001" errors="0" timestamp="2022-05-13T17:34:39 IST" skipped="0">
  <testcase classname="com.Dashboard.TestCases.Sample" name="launchGoogle" time="0.001"/>
  <system-out/>
</testsuite> <!-- com.Dashboard.TestCases.Sample -->
