<?xml version="1.0" encoding="UTF-8"?>
<!-- Generated by org.testng.reporters.JUnitReportReporter -->
<testsuite hostname="DESKTOP-K0LIMU1" failures="0" tests="4" name="com.Dashboard.TestCases.LoginPageTest" time="3.618" errors="0" timestamp="2022-04-13T11:26:40 IST" skipped="0">
  <testcase classname="com.Dashboard.TestCases.LoginPageTest" name="title_loginPage" time="0.020"/>
  <system-out/>
  <testcase classname="com.Dashboard.TestCases.LoginPageTest" name="validate_logoOnLoginPage" time="0.050"/>
  <system-out/>
  <testcase classname="com.Dashboard.TestCases.LoginPageTest" name="validate_Forgot_Password" time="0.026"/>
  <system-out/>
  <testcase classname="com.Dashboard.TestCases.LoginPageTest" name="validateUserLogin" time="3.522"/>
  <system-out/>
</testsuite> <!-- com.Dashboard.TestCases.LoginPageTest -->
