<?xml version="1.0" encoding="UTF-8"?>
<!-- Generated by org.testng.reporters.JUnitReportReporter -->
<testsuite hostname="DESKTOP-K0LIMU1" failures="0" tests="1" name="com.Dashboard.TestCases.HomePageTest" time="0.370" errors="0" timestamp="2022-05-06T18:10:05 IST" skipped="0">
  <testcase classname="com.Dashboard.TestCases.HomePageTest" name="verify_all_menu" time="0.370"/>
  <system-out/>
</testsuite> <!-- com.Dashboard.TestCases.HomePageTest -->
