<?xml version="1.0" encoding="UTF-8"?>
<!-- Generated by org.testng.reporters.JUnitReportReporter -->
<testsuite hostname="DESKTOP-K0LIMU1" failures="0" tests="1" name="com.Dashboard.TestCases.LoginPageTitleTest" time="14.487" errors="0" timestamp="2022-03-30T13:36:26 IST" skipped="0">
  <testcase classname="com.Dashboard.TestCases.LoginPageTitleTest" name="title_loginPage" time="14.487"/>
  <system-out/>
</testsuite> <!-- com.Dashboard.TestCases.LoginPageTitleTest -->
