<?xml version="1.0" encoding="UTF-8"?>
<!-- Generated by org.testng.reporters.JUnitReportReporter -->
<testsuite hostname="DESKTOP-K0LIMU1" failures="0" tests="2" name="com.Dashboard.TestCases.SendEmailTest" time="24.446" errors="0" timestamp="2022-05-17T19:17:07 IST" skipped="0">
  <testcase classname="com.Dashboard.TestCases.SendEmailTest" name="verify_send_email" time="19.193"/>
  <system-out/>
  <testcase classname="com.Dashboard.TestCases.SendEmailTest" name="verify_email_confirmation_popup" time="5.253"/>
  <system-out/>
</testsuite> <!-- com.Dashboard.TestCases.SendEmailTest -->
