<?xml version="1.0" encoding="UTF-8"?>
<!-- Generated by org.testng.reporters.JUnitReportReporter -->
<testsuite hostname="DESKTOP-K0LIMU1" failures="0" tests="1" name="com.Dashboard.TestCases.LoginPageTest" time="8.888" errors="0" timestamp="2022-05-02T13:30:16 IST" skipped="0">
  <testcase classname="com.Dashboard.TestCases.LoginPageTest" name="validateUserLogin" time="8.888"/>
  <system-out/>
</testsuite> <!-- com.Dashboard.TestCases.LoginPageTest -->
