<?xml version="1.0" encoding="UTF-8"?>
<!-- Generated by org.testng.reporters.JUnitReportReporter -->
<testsuite hostname="DESKTOP-K0LIMU1" failures="0" tests="2" name="com.Dashboard.TestCases.SendEmailTest" time="12.514" errors="0" timestamp="2022-05-13T18:22:12 IST" skipped="0">
  <testcase classname="com.Dashboard.TestCases.SendEmailTest" name="verify_send_email" time="7.825"/>
  <system-out/>
  <testcase classname="com.Dashboard.TestCases.SendEmailTest" name="verify_email_confirmation_popup" time="4.689"/>
  <system-out/>
</testsuite> <!-- com.Dashboard.TestCases.SendEmailTest -->
