<?xml version="1.0" encoding="UTF-8"?>
<!-- Generated by org.testng.reporters.JUnitReportReporter -->
<testsuite hostname="DESKTOP-K0LIMU1" failures="0" tests="5" name="com.Dashboard.TestCases.LoginPageTest" time="7.182" errors="0" timestamp="2022-05-13T18:22:12 IST" skipped="0">
  <testcase classname="com.Dashboard.TestCases.LoginPageTest" name="title_loginPage" time="0.010"/>
  <system-out/>
  <testcase classname="com.Dashboard.TestCases.LoginPageTest" name="validate_logoOnLoginPage" time="0.034"/>
  <system-out/>
  <testcase classname="com.Dashboard.TestCases.LoginPageTest" name="validate_Forgot_Password" time="0.019"/>
  <system-out/>
  <testcase classname="com.Dashboard.TestCases.LoginPageTest" name="validateUserLogin" time="3.228"/>
  <system-out/>
  <testcase classname="com.Dashboard.TestCases.LoginPageTest" name="verify_homePage_image" time="3.891"/>
  <system-out/>
</testsuite> <!-- com.Dashboard.TestCases.LoginPageTest -->
