<?xml version="1.0" encoding="UTF-8"?>
<!-- Generated by org.testng.reporters.JUnitReportReporter -->
<testsuite hostname="DESKTOP-K0LIMU1" failures="0" tests="1" name="com.Dashboard.TestCases.ForgotPasswordTest" time="5.370" errors="0" timestamp="2022-04-28T16:10:40 IST" skipped="0">
  <testcase classname="com.Dashboard.TestCases.ForgotPasswordTest" name="validate_forgotPassword" time="5.370"/>
  <system-out/>
</testsuite> <!-- com.Dashboard.TestCases.ForgotPasswordTest -->
