<?xml version="1.0" encoding="UTF-8"?>
<!-- Generated by org.testng.reporters.JUnitReportReporter -->
<testsuite hostname="DESKTOP-K0LIMU1" failures="0" tests="1" name="com.Dashboard.TestCases.View_Monthly_AttendanceTest" time="15.188" errors="0" timestamp="2022-05-17T19:17:07 IST" skipped="0">
  <testcase classname="com.Dashboard.TestCases.View_Monthly_AttendanceTest" name="verify_view_monthly_attendance" time="15.188"/>
  <system-out/>
</testsuite> <!-- com.Dashboard.TestCases.View_Monthly_AttendanceTest -->
