<?xml version="1.0" encoding="UTF-8"?>
<!-- Generated by org.testng.reporters.JUnitReportReporter -->
<testsuite hostname="DESKTOP-K0LIMU1" failures="0" tests="1" name="com.Dashboard.TestCases.ForgotPasswordTest" time="4.332" errors="0" timestamp="2022-05-13T18:22:12 IST" skipped="0">
  <testcase classname="com.Dashboard.TestCases.ForgotPasswordTest" name="validate_forgotPassword" time="4.332"/>
  <system-out/>
</testsuite> <!-- com.Dashboard.TestCases.ForgotPasswordTest -->
