<?xml version="1.0" encoding="UTF-8"?>
<!-- Generated by org.testng.reporters.JUnitReportReporter -->
<testsuite hostname="DESKTOP-K0LIMU1" failures="0" tests="3" name="com.Dashboard.TestCases.LoginPageTest" time="4.351" errors="0" timestamp="2022-04-01T16:42:45 IST" skipped="0">
  <testcase classname="com.Dashboard.TestCases.LoginPageTest" name="title_loginPage" time="0.022"/>
  <system-out/>
  <testcase classname="com.Dashboard.TestCases.LoginPageTest" name="validate_logoOnLoginPage" time="0.076"/>
  <system-out/>
  <testcase classname="com.Dashboard.TestCases.LoginPageTest" name="validateUserLogin" time="4.253"/>
  <system-out/>
</testsuite> <!-- com.Dashboard.TestCases.LoginPageTest -->
