<?xml version="1.0" encoding="UTF-8"?>
<!-- Generated by org.testng.reporters.JUnitReportReporter -->
<testsuite hostname="DESKTOP-K0LIMU1" failures="0" tests="3" name="com.Dashboard.TestCases.SendEmailTest" time="12.227" errors="0" timestamp="2022-05-06T18:10:05 IST" skipped="0">
  <testcase classname="com.Dashboard.TestCases.SendEmailTest" name="verify_send_email" time="3.467"/>
  <system-out/>
  <testcase classname="com.Dashboard.TestCases.SendEmailTest" name="verify_send_email" time="3.641"/>
  <system-out/>
  <testcase classname="com.Dashboard.TestCases.SendEmailTest" name="verify_email_confirmation_popup" time="5.119"/>
  <system-out/>
</testsuite> <!-- com.Dashboard.TestCases.SendEmailTest -->
