<?xml version="1.0" encoding="UTF-8"?>
<!-- Generated by org.testng.reporters.JUnitReportReporter -->
<testsuite hostname="DESKTOP-K0LIMU1" failures="0" tests="4" name="com.Dashboard.TestCases.LoginPageTest" time="4.849" errors="0" timestamp="2022-04-28T16:10:40 IST" skipped="0">
  <testcase classname="com.Dashboard.TestCases.LoginPageTest" name="title_loginPage" time="0.015"/>
  <system-out/>
  <testcase classname="com.Dashboard.TestCases.LoginPageTest" name="validate_logoOnLoginPage" time="0.050"/>
  <system-out/>
  <testcase classname="com.Dashboard.TestCases.LoginPageTest" name="validate_Forgot_Password" time="0.028"/>
  <system-out/>
  <testcase classname="com.Dashboard.TestCases.LoginPageTest" name="validateUserLogin" time="4.756"/>
  <system-out/>
</testsuite> <!-- com.Dashboard.TestCases.LoginPageTest -->
