<?xml version="1.0" encoding="UTF-8"?>
<!-- Generated by org.testng.reporters.JUnitReportReporter -->
<testsuite hostname="DESKTOP-K0LIMU1" failures="0" tests="1" name="com.Dashboard.TestCases.ChangePasswordTest" time="6.978" errors="0" timestamp="2022-04-28T16:10:40 IST" skipped="0">
  <testcase classname="com.Dashboard.TestCases.ChangePasswordTest" name="varify_ChangePassword" time="6.978"/>
  <system-out/>
</testsuite> <!-- com.Dashboard.TestCases.ChangePasswordTest -->
