<?xml version="1.0" encoding="UTF-8"?>
<!-- Generated by org.testng.reporters.JUnitReportReporter -->
<testsuite hostname="DESKTOP-K0LIMU1" failures="0" tests="1" name="com.Dashboard.TestCases.HomePageTest" time="1.830" errors="0" timestamp="2022-04-13T11:26:40 IST" skipped="0">
  <testcase classname="com.Dashboard.TestCases.HomePageTest" name="verify_all_menu" time="1.830"/>
  <system-out/>
</testsuite> <!-- com.Dashboard.TestCases.HomePageTest -->
