<?xml version="1.0" encoding="UTF-8"?>
<!-- Generated by org.testng.reporters.JUnitReportReporter -->
<testsuite hostname="DESKTOP-K0LIMU1" failures="0" tests="1" name="com.Dashboard.TestCases.HomePageTest" time="2.450" errors="0" timestamp="2022-05-13T18:22:12 IST" skipped="0">
  <testcase classname="com.Dashboard.TestCases.HomePageTest" name="verify_all_menu" time="2.450"/>
  <system-out/>
</testsuite> <!-- com.Dashboard.TestCases.HomePageTest -->
